0 info it worked if it ends with ok
1 verbose cli [ 'C:\\Program Files\\nodejs\\node.exe',
1 verbose cli   'C:\\Program Files\\nodejs\\node_modules\\npm\\bin\\npm-cli.js',
1 verbose cli   'install',
1 verbose cli   'babel-preset-es2015' ]
2 info using npm@2.15.8
3 info using node@v4.4.7
4 verbose install initial load of C:\Users\joaki\Desktop\New stuffz\Studies\dbweb-kurser\v2-linux\package.json
5 verbose readDependencies loading dependencies from C:\Users\joaki\Desktop\New stuffz\Studies\dbweb-kurser\v2-linux\package.json
6 silly cache add args [ 'babel-preset-es2015@^6.22.0', null ]
7 verbose cache add spec babel-preset-es2015@^6.22.0
8 silly cache add parsed spec Result {
8 silly cache add   raw: 'babel-preset-es2015@^6.22.0',
8 silly cache add   scope: null,
8 silly cache add   name: 'babel-preset-es2015',
8 silly cache add   rawSpec: '^6.22.0',
8 silly cache add   spec: '>=6.22.0 <7.0.0',
8 silly cache add   type: 'range' }
9 silly addNamed babel-preset-es2015@>=6.22.0 <7.0.0
10 verbose addNamed ">=6.22.0 <7.0.0" is a valid semver range for babel-preset-es2015
11 silly addNameRange { name: 'babel-preset-es2015',
11 silly addNameRange   range: '>=6.22.0 <7.0.0',
11 silly addNameRange   hasData: false }
12 silly mapToRegistry name babel-preset-es2015
13 silly mapToRegistry using default registry
14 silly mapToRegistry registry https://registry.npmjs.org/
15 silly mapToRegistry data Result {
15 silly mapToRegistry   raw: 'babel-preset-es2015',
15 silly mapToRegistry   scope: null,
15 silly mapToRegistry   name: 'babel-preset-es2015',
15 silly mapToRegistry   rawSpec: '',
15 silly mapToRegistry   spec: 'latest',
15 silly mapToRegistry   type: 'tag' }
16 silly mapToRegistry uri https://registry.npmjs.org/babel-preset-es2015
17 verbose addNameRange registry:https://registry.npmjs.org/babel-preset-es2015 not in flight; fetching
18 verbose request uri https://registry.npmjs.org/babel-preset-es2015
19 verbose request no auth needed
20 info attempt registry request try #1 at 9:07:13 AM
21 verbose request id 52b9bdbcd048bb4e
22 verbose etag W/"58d426ea-f8d8"
23 verbose lastModified Thu, 23 Mar 2017 19:50:02 GMT
24 http request GET https://registry.npmjs.org/babel-preset-es2015
25 http 304 https://registry.npmjs.org/babel-preset-es2015
26 verbose headers { date: 'Fri, 24 Mar 2017 09:07:24 GMT',
26 verbose headers   via: '1.1 varnish',
26 verbose headers   'cache-control': 'max-age=300',
26 verbose headers   etag: 'W/"58d426ea-f8d8"',
26 verbose headers   age: '259',
26 verbose headers   connection: 'keep-alive',
26 verbose headers   'x-served-by': 'cache-lcy1134-LCY',
26 verbose headers   'x-cache': 'HIT',
26 verbose headers   'x-cache-hits': '2',
26 verbose headers   'x-timer': 'S1490346444.935742,VS0,VE0',
26 verbose headers   vary: 'Accept-Encoding' }
27 silly get cb [ 304,
27 silly get   { date: 'Fri, 24 Mar 2017 09:07:24 GMT',
27 silly get     via: '1.1 varnish',
27 silly get     'cache-control': 'max-age=300',
27 silly get     etag: 'W/"58d426ea-f8d8"',
27 silly get     age: '259',
27 silly get     connection: 'keep-alive',
27 silly get     'x-served-by': 'cache-lcy1134-LCY',
27 silly get     'x-cache': 'HIT',
27 silly get     'x-cache-hits': '2',
27 silly get     'x-timer': 'S1490346444.935742,VS0,VE0',
27 silly get     vary: 'Accept-Encoding' } ]
28 verbose etag https://registry.npmjs.org/babel-preset-es2015 from cache
29 verbose get saving babel-preset-es2015 to C:\Users\joaki\AppData\Roaming\npm-cache\registry.npmjs.org\babel-preset-es2015\.cache.json
30 verbose correctMkdir C:\Users\joaki\AppData\Roaming\npm-cache correctMkdir not in flight; initializing
31 silly addNameRange number 2 { name: 'babel-preset-es2015',
31 silly addNameRange   range: '>=6.22.0 <7.0.0',
31 silly addNameRange   hasData: true }
32 silly addNameRange versions [ 'babel-preset-es2015',
32 silly addNameRange   [ '6.0.2',
32 silly addNameRange     '6.0.8',
32 silly addNameRange     '6.0.11',
32 silly addNameRange     '6.0.12',
32 silly addNameRange     '6.0.14',
32 silly addNameRange     '6.0.15',
32 silly addNameRange     '6.1.2',
32 silly addNameRange     '6.1.4',
32 silly addNameRange     '6.1.17',
32 silly addNameRange     '6.1.18',
32 silly addNameRange     '6.2.4',
32 silly addNameRange     '6.3.13',
32 silly addNameRange     '6.5.0',
32 silly addNameRange     '6.5.0-1',
32 silly addNameRange     '6.6.0',
32 silly addNameRange     '6.9.0',
32 silly addNameRange     '6.13.0',
32 silly addNameRange     '6.13.1',
32 silly addNameRange     '6.13.2',
32 silly addNameRange     '6.14.0',
32 silly addNameRange     '6.16.0',
32 silly addNameRange     '6.18.0',
32 silly addNameRange     '6.22.0',
32 silly addNameRange     '7.0.0-alpha.1',
32 silly addNameRange     '6.24.0',
32 silly addNameRange     '7.0.0-alpha.3' ] ]
33 silly addNamed babel-preset-es2015@6.24.0
34 verbose addNamed "6.24.0" is a plain semver version for babel-preset-es2015
35 silly cache afterAdd babel-preset-es2015@6.24.0
36 verbose afterAdd C:\Users\joaki\AppData\Roaming\npm-cache\babel-preset-es2015\6.24.0\package\package.json not in flight; writing
37 verbose correctMkdir C:\Users\joaki\AppData\Roaming\npm-cache correctMkdir not in flight; initializing
38 verbose afterAdd C:\Users\joaki\AppData\Roaming\npm-cache\babel-preset-es2015\6.24.0\package\package.json written
39 silly install resolved [ { name: 'babel-preset-es2015',
39 silly install resolved     version: '6.24.0',
39 silly install resolved     description: 'Babel preset for all es2015 plugins.',
39 silly install resolved     author: { name: 'Sebastian McKenzie', email: 'sebmck@gmail.com' },
39 silly install resolved     homepage: 'https://babeljs.io/',
39 silly install resolved     license: 'MIT',
39 silly install resolved     repository:
39 silly install resolved      { type: 'git',
39 silly install resolved        url: 'https://github.com/babel/babel/tree/master/packages/babel-preset-es2015' },
39 silly install resolved     main: 'lib/index.js',
39 silly install resolved     dependencies:
39 silly install resolved      { 'babel-plugin-check-es2015-constants': '^6.22.0',
39 silly install resolved        'babel-plugin-transform-es2015-arrow-functions': '^6.22.0',
39 silly install resolved        'babel-plugin-transform-es2015-block-scoped-functions': '^6.22.0',
39 silly install resolved        'babel-plugin-transform-es2015-block-scoping': '^6.22.0',
39 silly install resolved        'babel-plugin-transform-es2015-classes': '^6.22.0',
39 silly install resolved        'babel-plugin-transform-es2015-computed-properties': '^6.22.0',
39 silly install resolved        'babel-plugin-transform-es2015-destructuring': '^6.22.0',
39 silly install resolved        'babel-plugin-transform-es2015-duplicate-keys': '^6.22.0',
39 silly install resolved        'babel-plugin-transform-es2015-for-of': '^6.22.0',
39 silly install resolved        'babel-plugin-transform-es2015-function-name': '^6.22.0',
39 silly install resolved        'babel-plugin-transform-es2015-literals': '^6.22.0',
39 silly install resolved        'babel-plugin-transform-es2015-modules-amd': '^6.24.0',
39 silly install resolved        'babel-plugin-transform-es2015-modules-commonjs': '^6.24.0',
39 silly install resolved        'babel-plugin-transform-es2015-modules-systemjs': '^6.22.0',
39 silly install resolved        'babel-plugin-transform-es2015-modules-umd': '^6.24.0',
39 silly install resolved        'babel-plugin-transform-es2015-object-super': '^6.22.0',
39 silly install resolved        'babel-plugin-transform-es2015-parameters': '^6.22.0',
39 silly install resolved        'babel-plugin-transform-es2015-shorthand-properties': '^6.22.0',
39 silly install resolved        'babel-plugin-transform-es2015-spread': '^6.22.0',
39 silly install resolved        'babel-plugin-transform-es2015-sticky-regex': '^6.22.0',
39 silly install resolved        'babel-plugin-transform-es2015-template-literals': '^6.22.0',
39 silly install resolved        'babel-plugin-transform-es2015-typeof-symbol': '^6.22.0',
39 silly install resolved        'babel-plugin-transform-es2015-unicode-regex': '^6.22.0',
39 silly install resolved        'babel-plugin-transform-regenerator': '^6.22.0' },
39 silly install resolved     devDependencies:
39 silly install resolved      { 'babel-helper-transform-fixture-test-runner': '^6.24.0',
39 silly install resolved        'babel-helper-plugin-test-runner': '^6.24.0' },
39 silly install resolved     _id: 'babel-preset-es2015@6.24.0',
39 silly install resolved     scripts: {},
39 silly install resolved     _shasum: 'c162d68b1932696e036cd3110dc1ccd303d2673a',
39 silly install resolved     _from: 'babel-preset-es2015@>=6.22.0 <7.0.0',
39 silly install resolved     _npmVersion: '3.10.10',
39 silly install resolved     _nodeVersion: '6.9.0',
39 silly install resolved     _npmUser: { name: 'hzoo', email: 'hi@henryzoo.com' },
39 silly install resolved     dist:
39 silly install resolved      { shasum: 'c162d68b1932696e036cd3110dc1ccd303d2673a',
39 silly install resolved        tarball: 'https://registry.npmjs.org/babel-preset-es2015/-/babel-preset-es2015-6.24.0.tgz' },
39 silly install resolved     maintainers: [ [Object], [Object], [Object], [Object], [Object], [Object] ],
39 silly install resolved     _npmOperationalInternal:
39 silly install resolved      { host: 'packages-12-west.internal.npmjs.com',
39 silly install resolved        tmp: 'tmp/babel-preset-es2015-6.24.0.tgz_1489371495020_0.6591903851367533' },
39 silly install resolved     directories: {},
39 silly install resolved     _resolved: 'https://registry.npmjs.org/babel-preset-es2015/-/babel-preset-es2015-6.24.0.tgz',
39 silly install resolved     readme: 'ERROR: No README data found!' } ]
40 info install babel-preset-es2015@6.24.0 into C:\Users\joaki\Desktop\New stuffz\Studies\dbweb-kurser\v2-linux
41 info installOne babel-preset-es2015@6.24.0
42 verbose installOne of babel-preset-es2015 to C:\Users\joaki\Desktop\New stuffz\Studies\dbweb-kurser\v2-linux not in flight; installing
43 verbose correctMkdir C:\Users\joaki\AppData\Roaming\npm-cache\_locks correctMkdir not in flight; initializing
44 verbose lock using C:\Users\joaki\AppData\Roaming\npm-cache\_locks\babel-preset-es2015-c11a3ce1ccd85d43.lock for C:\Users\joaki\Desktop\New stuffz\Studies\dbweb-kurser\v2-linux\node_modules\babel-preset-es2015
45 silly install write writing babel-preset-es2015 6.24.0 to C:\Users\joaki\Desktop\New stuffz\Studies\dbweb-kurser\v2-linux\node_modules\babel-preset-es2015
46 verbose unbuild node_modules\babel-preset-es2015
47 silly gentlyRm C:\Users\joaki\Desktop\New stuffz\Studies\dbweb-kurser\v2-linux\node_modules\babel-preset-es2015 is being purged from base C:\Users\joaki\Desktop\New stuffz\Studies\dbweb-kurser\v2-linux
48 verbose gentlyRm don't care about contents; nuking C:\Users\joaki\Desktop\New stuffz\Studies\dbweb-kurser\v2-linux\node_modules\babel-preset-es2015
49 verbose tar unpack C:\Users\joaki\AppData\Roaming\npm-cache\babel-preset-es2015\6.24.0\package.tgz
50 verbose tar unpacking to C:\Users\joaki\Desktop\New stuffz\Studies\dbweb-kurser\v2-linux\node_modules\babel-preset-es2015
51 silly gentlyRm C:\Users\joaki\Desktop\New stuffz\Studies\dbweb-kurser\v2-linux\node_modules\babel-preset-es2015 is being purged
52 verbose gentlyRm don't care about contents; nuking C:\Users\joaki\Desktop\New stuffz\Studies\dbweb-kurser\v2-linux\node_modules\babel-preset-es2015
53 silly gunzTarPerm modes [ '777', '666' ]
54 error tar.unpack untar error C:\Users\joaki\AppData\Roaming\npm-cache\babel-preset-es2015\6.24.0\package.tgz
55 verbose unlock done using C:\Users\joaki\AppData\Roaming\npm-cache\_locks\babel-preset-es2015-c11a3ce1ccd85d43.lock for C:\Users\joaki\Desktop\New stuffz\Studies\dbweb-kurser\v2-linux\node_modules\babel-preset-es2015
56 verbose fstream_path C:\Users\joaki\Desktop\New stuffz\Studies\dbweb-kurser\v2-linux\node_modules\babel-preset-es2015
57 verbose fstream_type Directory
58 verbose fstream_class DirWriter
59 verbose stack Error: EPERM: operation not permitted, mkdir 'C:\Users\joaki\Desktop\New stuffz\Studies\dbweb-kurser\v2-linux\node_modules'
59 verbose stack     at Error (native)
60 verbose fstream_stack C:\Program Files\nodejs\node_modules\npm\node_modules\fstream\lib\writer.js:171:25
60 verbose fstream_stack C:\Program Files\nodejs\node_modules\npm\node_modules\mkdirp\index.js:47:53
60 verbose fstream_stack FSReqWrap.oncomplete (fs.js:82:15)
61 verbose cwd C:\Users\joaki\Desktop\New stuffz\Studies\dbweb-kurser\v2-linux\me
62 error Windows_NT 10.0.14393
63 error argv "C:\\Program Files\\nodejs\\node.exe" "C:\\Program Files\\nodejs\\node_modules\\npm\\bin\\npm-cli.js" "install" "babel-preset-es2015"
64 error node v4.4.7
65 error npm  v2.15.8
66 error path C:\Users\joaki\Desktop\New stuffz\Studies\dbweb-kurser\v2-linux\node_modules
67 error code EPERM
68 error errno -4048
69 error syscall mkdir
70 error Error: EPERM: operation not permitted, mkdir 'C:\Users\joaki\Desktop\New stuffz\Studies\dbweb-kurser\v2-linux\node_modules'
70 error     at Error (native)
70 error  { [Error: EPERM: operation not permitted, mkdir 'C:\Users\joaki\Desktop\New stuffz\Studies\dbweb-kurser\v2-linux\node_modules']
70 error   errno: -4048,
70 error   code: 'EPERM',
70 error   syscall: 'mkdir',
70 error   path: 'C:\\Users\\joaki\\Desktop\\New stuffz\\Studies\\dbweb-kurser\\v2-linux\\node_modules',
70 error   fstream_type: 'Directory',
70 error   fstream_path: 'C:\\Users\\joaki\\Desktop\\New stuffz\\Studies\\dbweb-kurser\\v2-linux\\node_modules\\babel-preset-es2015',
70 error   fstream_class: 'DirWriter',
70 error   fstream_stack:
70 error    [ 'C:\\Program Files\\nodejs\\node_modules\\npm\\node_modules\\fstream\\lib\\writer.js:171:25',
70 error      'C:\\Program Files\\nodejs\\node_modules\\npm\\node_modules\\mkdirp\\index.js:47:53',
70 error      'FSReqWrap.oncomplete (fs.js:82:15)' ] }
71 error Please try running this command again as root/Administrator.
72 verbose exit [ -4048, true ]
73 verbose unbuild node_modules\babel-preset-es2015
74 silly gentlyRm C:\Users\joaki\Desktop\New stuffz\Studies\dbweb-kurser\v2-linux\node_modules\babel-preset-es2015 is being purged from base C:\Users\joaki\Desktop\New stuffz\Studies\dbweb-kurser\v2-linux
75 verbose gentlyRm don't care about contents; nuking C:\Users\joaki\Desktop\New stuffz\Studies\dbweb-kurser\v2-linux\node_modules\babel-preset-es2015
